<?xml version="1.0" encoding="UTF-8"?>
<testsuite xmlns:xsi="http://www.w3.org/2001/XMLSchema-instance" xsi:noNamespaceSchemaLocation="https://maven.apache.org/surefire/maven-surefire-plugin/xsd/surefire-test-report.xsd" name="TestSuite" time="16.858" tests="4" errors="0" skipped="0" failures="0">
  <properties>
[...]
</properties>
  <testcase name="loginAsBankManager" classname="testcases.BankManagerLoginTest" time="0.301"/>
  <testcase name="addCustomerTest" classname="testcases.AddCustomerTest" time="0.745"/>
  <testcase name="addCustomerTest" classname="testcases.AddCustomerTest" time="0.386"/>
  <testcase name="OpenAccountTest" classname="testcases.OpenAccountTest" time="0.685"/>
</testsuite>