<?xml version="1.0" encoding="UTF-8"?>
<testng-results ignored="0" total="4" passed="4" failed="0" skipped="0">
  <reporter-output>
  </reporter-output>
  <suite started-at="2020-12-11T10:16:54 GMT" name="Data Driven Basics" finished-at="2020-12-11T10:16:58 GMT" duration-ms="3795">
    <groups>
    </groups>
    <test started-at="2020-12-11T10:16:54 GMT" name="Bank Manager Login" finished-at="2020-12-11T10:16:55 GMT" duration-ms="508">
      <class name="testcases.BankManagerLoginTest">
        <test-method signature="loginAsBankManager()[pri:0, instance:testcases.BankManagerLoginTest@2ca6546f]" started-at="2020-12-11T10:16:54 GMT" name="loginAsBankManager" finished-at="2020-12-11T10:16:55 GMT" duration-ms="458" status="PASS">
          <reporter-output>
          </reporter-output>
        </test-method> <!-- loginAsBankManager -->
      </class> <!-- testcases.BankManagerLoginTest -->
    </test> <!-- Bank Manager Login -->
    <test started-at="2020-12-11T10:16:56 GMT" name="Add Customer" finished-at="2020-12-11T10:16:57 GMT" duration-ms="1234">
      <class name="testcases.AddCustomerTest">
        <test-method signature="addCustomerTest(java.lang.String, java.lang.String, java.lang.String, java.lang.String)[pri:0, instance:testcases.AddCustomerTest@3013909b]" started-at="2020-12-11T10:16:56 GMT" name="addCustomerTest" data-provider="dp" finished-at="2020-12-11T10:16:57 GMT" duration-ms="826" status="PASS">
          <params>
            <param index="0">
              <value>
                <![CDATA[ABC]]>
              </value>
            </param>
            <param index="1">
              <value>
                <![CDATA[DEF]]>
              </value>
            </param>
            <param index="2">
              <value>
                <![CDATA[682020]]>
              </value>
            </param>
            <param index="3">
              <value>
                <![CDATA[Customer added successfully]]>
              </value>
            </param>
          </params>
          <reporter-output>
          </reporter-output>
        </test-method> <!-- addCustomerTest -->
        <test-method signature="addCustomerTest(java.lang.String, java.lang.String, java.lang.String, java.lang.String)[pri:0, instance:testcases.AddCustomerTest@3013909b]" started-at="2020-12-11T10:16:57 GMT" name="addCustomerTest" data-provider="dp" finished-at="2020-12-11T10:16:57 GMT" duration-ms="375" status="PASS">
          <params>
            <param index="0">
              <value>
                <![CDATA[UVW]]>
              </value>
            </param>
            <param index="1">
              <value>
                <![CDATA[VYZ]]>
              </value>
            </param>
            <param index="2">
              <value>
                <![CDATA[569936]]>
              </value>
            </param>
            <param index="3">
              <value>
                <![CDATA[]]>
              </value>
            </param>
          </params>
          <reporter-output>
          </reporter-output>
        </test-method> <!-- addCustomerTest -->
      </class> <!-- testcases.AddCustomerTest -->
    </test> <!-- Add Customer -->
    <test started-at="2020-12-11T10:16:57 GMT" name="Open Account" finished-at="2020-12-11T10:16:58 GMT" duration-ms="849">
      <class name="testcases.OpenAccountTest">
        <test-method is-config="true" signature="setUp()[pri:0, instance:testcases.OpenAccountTest@4bb8855f]" started-at="2020-12-11T10:16:46 GMT" name="setUp" finished-at="2020-12-11T10:16:54 GMT" duration-ms="8148" status="PASS">
          <reporter-output>
          </reporter-output>
        </test-method> <!-- setUp -->
        <test-method signature="OpenAccountTest(java.lang.String, java.lang.String, java.lang.String)[pri:0, instance:testcases.OpenAccountTest@4bb8855f]" started-at="2020-12-11T10:16:57 GMT" name="OpenAccountTest" data-provider="dp" finished-at="2020-12-11T10:16:58 GMT" duration-ms="834" status="PASS">
          <params>
            <param index="0">
              <value>
                <![CDATA[ABC DEF]]>
              </value>
            </param>
            <param index="1">
              <value>
                <![CDATA[Rupee]]>
              </value>
            </param>
            <param index="2">
              <value>
                <![CDATA[Account created successfully]]>
              </value>
            </param>
          </params>
          <reporter-output>
          </reporter-output>
        </test-method> <!-- OpenAccountTest -->
        <test-method is-config="true" signature="tearDown()[pri:0, instance:testcases.OpenAccountTest@4bb8855f]" started-at="2020-12-11T10:16:58 GMT" name="tearDown" finished-at="2020-12-11T10:16:58 GMT" duration-ms="330" status="PASS">
          <reporter-output>
          </reporter-output>
        </test-method> <!-- tearDown -->
      </class> <!-- testcases.OpenAccountTest -->
    </test> <!-- Open Account -->
  </suite> <!-- Data Driven Basics -->
</testng-results>
